# JRE version: OpenJDK Runtime Environment Temurin-17.0.12+7 (17.0.12+7) (build 17.0.12+7)
# Java VM: OpenJDK 64-Bit Server VM Temurin-17.0.12+7 (17.0.12+7, mixed mode, emulated-client, tiered, compressed oops, compressed class ptrs, g1 gc, windows-amd64)
GC Precious Log:
 CPUs: 16 total, 16 available
 Memory: 16003M
 Large Page Support: Disabled
 NUMA Support: Disabled
 Compressed Oops: Enabled (32-bit)
 Heap Region Size: 1M
 Heap Min Capacity: 8M
 Heap Initial Capacity: 252M
 Heap Max Capacity: 1G
 Pre-touch: Disabled
 Parallel Workers: 13
 Concurrent Workers: 3
 Concurrent Refinement Workers: 13
 Periodic GC: Disabled
Heap:
 garbage-first heap   total 97280K, used 44175K [0x00000000c0000000, 0x0000000100000000)
  region size 1024K, 1 young (1024K), 0 survivors (0K)
 Metaspace       used 64040K, committed 64576K, reserved 1114112K
  class space    used 8251K, committed 8512K, reserved 1048576K
GC Heap History (20 events):
Event: 686137.649 GC heap after
{Heap after GC invocations=13003 (full 12651):
 garbage-first heap   total 97280K, used 44175K [0x00000000c0000000, 0x0000000100000000)
  region size 1024K, 0 young (0K), 0 survivors (0K)
 Metaspace       used 64040K, committed 64576K, reserved 1114112K
  class space    used 8251K, committed 8512K, reserved 1048576K
}
Event: 686147.880 GC heap before
{Heap before GC invocations=13003 (full 12651):
 garbage-first heap   total 97280K, used 44175K [0x00000000c0000000, 0x0000000100000000)
  region size 1024K, 1 young (1024K), 0 survivors (0K)
 Metaspace       used 64040K, committed 64576K, reserved 1114112K
  class space    used 8251K, committed 8512K, reserved 1048576K
}
Event: 686147.932 GC heap after
{Heap after GC invocations=13004 (full 12652):
 garbage-first heap   total 97280K, used 44175K [0x00000000c0000000, 0x0000000100000000)
  region size 1024K, 0 young (0K), 0 survivors (0K)
 Metaspace       used 64040K, committed 64576K, reserved 1114112K
  class space    used 8251K, committed 8512K, reserved 1048576K
}
Event: 686158.172 GC heap before
{Heap before GC invocations=13004 (full 12652):
 garbage-first heap   total 97280K, used 44175K [0x00000000c0000000, 0x0000000100000000)
  region size 1024K, 1 young (1024K), 0 survivors (0K)
 Metaspace       used 64040K, committed 64576K, reserved 1114112K
  class space    used 8251K, committed 8512K, reserved 1048576K
}
Event: 686158.226 GC heap after
{Heap after GC invocations=13005 (full 12653):
 garbage-first heap   total 97280K, used 44175K [0x00000000c0000000, 0x0000000100000000)
  region size 1024K, 0 young (0K), 0 survivors (0K)
 Metaspace       used 64040K, committed 64576K, reserved 1114112K
  class space    used 8251K, committed 8512K, reserved 1048576K
}
Event: 686168.451 GC heap before
{Heap before GC invocations=13005 (full 12653):
 garbage-first heap   total 97280K, used 44175K [0x00000000c0000000, 0x0000000100000000)
  region size 1024K, 1 young (1024K), 0 survivors (0K)
 Metaspace       used 64040K, committed 64576K, reserved 1114112K
  class space    used 8251K, committed 8512K, reserved 1048576K
}
Event: 686168.487 GC heap after
{Heap after GC invocations=13006 (full 12654):
 garbage-first heap   total 97280K, used 44175K [0x00000000c0000000, 0x0000000100000000)
  region size 1024K, 0 young (0K), 0 survivors (0K)
 Metaspace       used 64040K, committed 64576K, reserved 1114112K
  class space    used 8251K, committed 8512K, reserved 1048576K
}
Event: 686178.813 GC heap before
{Heap before GC invocations=13006 (full 12654):
 garbage-first heap   total 97280K, used 44175K [0x00000000c0000000, 0x0000000100000000)
  region size 1024K, 1 young (1024K), 0 survivors (0K)
 Metaspace       used 64040K, committed 64576K, reserved 1114112K
  class space    used 8251K, committed 8512K, reserved 1048576K
}
Event: 686178.857 GC heap after
{Heap after GC invocations=13007 (full 12655):
 garbage-first heap   total 97280K, used 44175K [0x00000000c0000000, 0x0000000100000000)
  region size 1024K, 0 young (0K), 0 survivors (0K)
 Metaspace       used 64040K, committed 64576K, reserved 1114112K
  class space    used 8251K, committed 8512K, reserved 1048576K
}
Event: 686189.092 GC heap before
{Heap before GC invocations=13007 (full 12655):
 garbage-first heap   total 97280K, used 44175K [0x00000000c0000000, 0x0000000100000000)
  region size 1024K, 1 young (1024K), 0 survivors (0K)
 Metaspace       used 64040K, committed 64576K, reserved 1114112K
  class space    used 8251K, committed 8512K, reserved 1048576K
}
Event: 686189.135 GC heap after
{Heap after GC invocations=13008 (full 12656):
 garbage-first heap   total 97280K, used 44175K [0x00000000c0000000, 0x0000000100000000)
  region size 1024K, 0 young (0K), 0 survivors (0K)
 Metaspace       used 64040K, committed 64576K, reserved 1114112K
  class space    used 8251K, committed 8512K, reserved 1048576K
}
Event: 686199.367 GC heap before
{Heap before GC invocations=13008 (full 12656):
 garbage-first heap   total 97280K, used 44175K [0x00000000c0000000, 0x0000000100000000)
  region size 1024K, 1 young (1024K), 0 survivors (0K)
 Metaspace       used 64040K, committed 64576K, reserved 1114112K
  class space    used 8251K, committed 8512K, reserved 1048576K
}
Event: 686199.396 GC heap after
{Heap after GC invocations=13009 (full 12657):
 garbage-first heap   total 97280K, used 44175K [0x00000000c0000000, 0x0000000100000000)
  region size 1024K, 0 young (0K), 0 survivors (0K)
 Metaspace       used 64040K, committed 64576K, reserved 1114112K
  class space    used 8251K, committed 8512K, reserved 1048576K
}
Event: 686209.641 GC heap before
{Heap before GC invocations=13009 (full 12657):
 garbage-first heap   total 97280K, used 44175K [0x00000000c0000000, 0x0000000100000000)
  region size 1024K, 1 young (1024K), 0 survivors (0K)
 Metaspace       used 64040K, committed 64576K, reserved 1114112K
  class space    used 8251K, committed 8512K, reserved 1048576K
}
Event: 686209.676 GC heap after
{Heap after GC invocations=13010 (full 12658):
 garbage-first heap   total 97280K, used 44175K [0x00000000c0000000, 0x0000000100000000)
  region size 1024K, 0 young (0K), 0 survivors (0K)
 Metaspace       used 64040K, committed 64576K, reserved 1114112K
  class space    used 8251K, committed 8512K, reserved 1048576K
}
Event: 686219.927 GC heap before
{Heap before GC invocations=13010 (full 12658):
 garbage-first heap   total 97280K, used 44175K [0x00000000c0000000, 0x0000000100000000)
  region size 1024K, 1 young (1024K), 0 survivors (0K)
 Metaspace       used 64040K, committed 64576K, reserved 1114112K
  class space    used 8251K, committed 8512K, reserved 1048576K
}
Event: 686219.962 GC heap after
{Heap after GC invocations=13011 (full 12659):
 garbage-first heap   total 97280K, used 44175K [0x00000000c0000000, 0x0000000100000000)
  region size 1024K, 0 young (0K), 0 survivors (0K)
 Metaspace       used 64040K, committed 64576K, reserved 1114112K
  class space    used 8251K, committed 8512K, reserved 1048576K
}
Event: 686230.150 GC heap before
{Heap before GC invocations=13011 (full 12659):
 garbage-first heap   total 97280K, used 44175K [0x00000000c0000000, 0x0000000100000000)
  region size 1024K, 1 young (1024K), 0 survivors (0K)
 Metaspace       used 64040K, committed 64576K, reserved 1114112K
  class space    used 8251K, committed 8512K, reserved 1048576K
}
Event: 686230.187 GC heap after
{Heap after GC invocations=13012 (full 12660):
 garbage-first heap   total 97280K, used 44175K [0x00000000c0000000, 0x0000000100000000)
  region size 1024K, 0 young (0K), 0 survivors (0K)
 Metaspace       used 64040K, committed 64576K, reserved 1114112K
  class space    used 8251K, committed 8512K, reserved 1048576K
}
Event: 686240.222 GC heap before
{Heap before GC invocations=13012 (full 12660):
 garbage-first heap   total 97280K, used 44175K [0x00000000c0000000, 0x0000000100000000)
  region size 1024K, 1 young (1024K), 0 survivors (0K)
 Metaspace       used 64040K, committed 64576K, reserved 1114112K
  class space    used 8251K, committed 8512K, reserved 1048576K
}

